[CancionesRemoteClient#obtenerCanciones] ---> GET http://localhost:8080/canciones HTTP/1.1
[CancionesRemoteClient#obtenerCanciones] Accept: aplication/json
[CancionesRemoteClient#obtenerCanciones] ---> END HTTP (0-byte body)
[CancionesRemoteClient#obtenerCanciones] <--- HTTP/1.1 200 OK (10ms)
[CancionesRemoteClient#obtenerCanciones] content-length: 1059
[CancionesRemoteClient#obtenerCanciones] content-type: application/json
[CancionesRemoteClient#obtenerCanciones] date: Sun, 02 Nov 2025 20:20:52 GMT
[CancionesRemoteClient#obtenerCanciones] 
[CancionesRemoteClient#obtenerCanciones] [{"id":1,"titulo":"Lamento Boliviano","artista":"Enanitos Verdes","genero":"Rock","idioma":"Español","duracion":"4:20"},{"id":2,"titulo":"De Música Ligera","artista":"Soda Stereo","genero":"Rock","idioma":"Español","duracion":"3:30"},{"id":3,"titulo":"La Flaca","artista":"Jarabe de Palo","genero":"Rock","idioma":"Español","duracion":"4:00"},{"id":4,"titulo":"Hey Ya!","artista":"OutKast","genero":"Pop","idioma":"Inglés","duracion":"3:55"},{"id":5,"titulo":"Umbrella","artista":"Rihanna","genero":"Pop","idioma":"Inglés","duracion":"4:36"},{"id":6,"titulo":"Sunflower","artista":"Post Malone \u0026 Swae Lee","genero":"Pop","idioma":"Inglés","duracion":"2:38"},{"id":7,"titulo":"Moonlight Sonata","artista":"Ludwig van Beethoven","genero":"Clásica","idioma":"Instrumental","duracion":"14:59"},{"id":8,"titulo":"Fur Elise","artista":"Ludwig van Beethoven","genero":"Clásica","idioma":"Instrumental","duracion":"5:06"},{"id":9,"titulo":"Hungarian Rhapsody No2","artista":"Franz Liszt","genero":"Clásica","idioma":"Instrumental","duracion":"10:31"}]

[CancionesRemoteClient#obtenerCanciones] <--- END HTTP (1059-byte body)
[CancionesRemoteClient#obtenerCanciones] ---> GET http://localhost:8080/canciones HTTP/1.1
[CancionesRemoteClient#obtenerCanciones] Accept: aplication/json
[CancionesRemoteClient#obtenerCanciones] ---> END HTTP (0-byte body)
[CancionesRemoteClient#obtenerCanciones] <--- HTTP/1.1 200 OK (10ms)
[CancionesRemoteClient#obtenerCanciones] content-length: 1059
[CancionesRemoteClient#obtenerCanciones] content-type: application/json
[CancionesRemoteClient#obtenerCanciones] date: Sun, 02 Nov 2025 20:22:10 GMT
[CancionesRemoteClient#obtenerCanciones] 
[CancionesRemoteClient#obtenerCanciones] [{"id":1,"titulo":"Lamento Boliviano","artista":"Enanitos Verdes","genero":"Rock","idioma":"Español","duracion":"4:20"},{"id":2,"titulo":"De Música Ligera","artista":"Soda Stereo","genero":"Rock","idioma":"Español","duracion":"3:30"},{"id":3,"titulo":"La Flaca","artista":"Jarabe de Palo","genero":"Rock","idioma":"Español","duracion":"4:00"},{"id":4,"titulo":"Hey Ya!","artista":"OutKast","genero":"Pop","idioma":"Inglés","duracion":"3:55"},{"id":5,"titulo":"Umbrella","artista":"Rihanna","genero":"Pop","idioma":"Inglés","duracion":"4:36"},{"id":6,"titulo":"Sunflower","artista":"Post Malone \u0026 Swae Lee","genero":"Pop","idioma":"Inglés","duracion":"2:38"},{"id":7,"titulo":"Moonlight Sonata","artista":"Ludwig van Beethoven","genero":"Clásica","idioma":"Instrumental","duracion":"14:59"},{"id":8,"titulo":"Fur Elise","artista":"Ludwig van Beethoven","genero":"Clásica","idioma":"Instrumental","duracion":"5:06"},{"id":9,"titulo":"Hungarian Rhapsody No2","artista":"Franz Liszt","genero":"Clásica","idioma":"Instrumental","duracion":"10:31"}]

[CancionesRemoteClient#obtenerCanciones] <--- END HTTP (1059-byte body)
[CancionesRemoteClient#obtenerCanciones] ---> GET http://localhost:8080/canciones HTTP/1.1
[CancionesRemoteClient#obtenerCanciones] Accept: aplication/json
[CancionesRemoteClient#obtenerCanciones] ---> END HTTP (0-byte body)
[CancionesRemoteClient#obtenerCanciones] <--- HTTP/1.1 200 OK (1ms)
[CancionesRemoteClient#obtenerCanciones] content-length: 1059
[CancionesRemoteClient#obtenerCanciones] content-type: application/json
[CancionesRemoteClient#obtenerCanciones] date: Sun, 02 Nov 2025 20:22:16 GMT
[CancionesRemoteClient#obtenerCanciones] 
[CancionesRemoteClient#obtenerCanciones] [{"id":1,"titulo":"Lamento Boliviano","artista":"Enanitos Verdes","genero":"Rock","idioma":"Español","duracion":"4:20"},{"id":2,"titulo":"De Música Ligera","artista":"Soda Stereo","genero":"Rock","idioma":"Español","duracion":"3:30"},{"id":3,"titulo":"La Flaca","artista":"Jarabe de Palo","genero":"Rock","idioma":"Español","duracion":"4:00"},{"id":4,"titulo":"Hey Ya!","artista":"OutKast","genero":"Pop","idioma":"Inglés","duracion":"3:55"},{"id":5,"titulo":"Umbrella","artista":"Rihanna","genero":"Pop","idioma":"Inglés","duracion":"4:36"},{"id":6,"titulo":"Sunflower","artista":"Post Malone \u0026 Swae Lee","genero":"Pop","idioma":"Inglés","duracion":"2:38"},{"id":7,"titulo":"Moonlight Sonata","artista":"Ludwig van Beethoven","genero":"Clásica","idioma":"Instrumental","duracion":"14:59"},{"id":8,"titulo":"Fur Elise","artista":"Ludwig van Beethoven","genero":"Clásica","idioma":"Instrumental","duracion":"5:06"},{"id":9,"titulo":"Hungarian Rhapsody No2","artista":"Franz Liszt","genero":"Clásica","idioma":"Instrumental","duracion":"10:31"}]

[CancionesRemoteClient#obtenerCanciones] <--- END HTTP (1059-byte body)
[CancionesRemoteClient#obtenerCanciones] ---> GET http://localhost:8080/canciones HTTP/1.1
[CancionesRemoteClient#obtenerCanciones] Accept: aplication/json
[CancionesRemoteClient#obtenerCanciones] ---> END HTTP (0-byte body)
[CancionesRemoteClient#obtenerCanciones] <--- HTTP/1.1 200 OK (10ms)
[CancionesRemoteClient#obtenerCanciones] content-length: 1059
[CancionesRemoteClient#obtenerCanciones] content-type: application/json
[CancionesRemoteClient#obtenerCanciones] date: Sun, 02 Nov 2025 22:51:30 GMT
[CancionesRemoteClient#obtenerCanciones] 
[CancionesRemoteClient#obtenerCanciones] [{"id":1,"titulo":"Lamento Boliviano","artista":"Enanitos Verdes","genero":"Rock","idioma":"Español","duracion":"4:20"},{"id":2,"titulo":"De Música Ligera","artista":"Soda Stereo","genero":"Rock","idioma":"Español","duracion":"3:30"},{"id":3,"titulo":"La Flaca","artista":"Jarabe de Palo","genero":"Rock","idioma":"Español","duracion":"4:00"},{"id":4,"titulo":"Hey Ya!","artista":"OutKast","genero":"Pop","idioma":"Inglés","duracion":"3:55"},{"id":5,"titulo":"Umbrella","artista":"Rihanna","genero":"Pop","idioma":"Inglés","duracion":"4:36"},{"id":6,"titulo":"Sunflower","artista":"Post Malone \u0026 Swae Lee","genero":"Pop","idioma":"Inglés","duracion":"2:38"},{"id":7,"titulo":"Moonlight Sonata","artista":"Ludwig van Beethoven","genero":"Clásica","idioma":"Instrumental","duracion":"14:59"},{"id":8,"titulo":"Fur Elise","artista":"Ludwig van Beethoven","genero":"Clásica","idioma":"Instrumental","duracion":"5:06"},{"id":9,"titulo":"Hungarian Rhapsody No2","artista":"Franz Liszt","genero":"Clásica","idioma":"Instrumental","duracion":"10:31"}]

[CancionesRemoteClient#obtenerCanciones] <--- END HTTP (1059-byte body)
[CancionesRemoteClient#obtenerCanciones] ---> GET http://localhost:8080/canciones HTTP/1.1
[CancionesRemoteClient#obtenerCanciones] Accept: aplication/json
[CancionesRemoteClient#obtenerCanciones] ---> END HTTP (0-byte body)
[CancionesRemoteClient#obtenerCanciones] <--- HTTP/1.1 200 OK (2ms)
[CancionesRemoteClient#obtenerCanciones] content-length: 1059
[CancionesRemoteClient#obtenerCanciones] content-type: application/json
[CancionesRemoteClient#obtenerCanciones] date: Sun, 02 Nov 2025 22:53:07 GMT
[CancionesRemoteClient#obtenerCanciones] 
[CancionesRemoteClient#obtenerCanciones] [{"id":1,"titulo":"Lamento Boliviano","artista":"Enanitos Verdes","genero":"Rock","idioma":"Español","duracion":"4:20"},{"id":2,"titulo":"De Música Ligera","artista":"Soda Stereo","genero":"Rock","idioma":"Español","duracion":"3:30"},{"id":3,"titulo":"La Flaca","artista":"Jarabe de Palo","genero":"Rock","idioma":"Español","duracion":"4:00"},{"id":4,"titulo":"Hey Ya!","artista":"OutKast","genero":"Pop","idioma":"Inglés","duracion":"3:55"},{"id":5,"titulo":"Umbrella","artista":"Rihanna","genero":"Pop","idioma":"Inglés","duracion":"4:36"},{"id":6,"titulo":"Sunflower","artista":"Post Malone \u0026 Swae Lee","genero":"Pop","idioma":"Inglés","duracion":"2:38"},{"id":7,"titulo":"Moonlight Sonata","artista":"Ludwig van Beethoven","genero":"Clásica","idioma":"Instrumental","duracion":"14:59"},{"id":8,"titulo":"Fur Elise","artista":"Ludwig van Beethoven","genero":"Clásica","idioma":"Instrumental","duracion":"5:06"},{"id":9,"titulo":"Hungarian Rhapsody No2","artista":"Franz Liszt","genero":"Clásica","idioma":"Instrumental","duracion":"10:31"}]

[CancionesRemoteClient#obtenerCanciones] <--- END HTTP (1059-byte body)
[CancionesRemoteClient#obtenerCanciones] ---> GET http://localhost:8080/canciones HTTP/1.1
[CancionesRemoteClient#obtenerCanciones] Accept: aplication/json
[CancionesRemoteClient#obtenerCanciones] ---> END HTTP (0-byte body)
[CancionesRemoteClient#obtenerCanciones] <--- HTTP/1.1 200 OK (2ms)
[CancionesRemoteClient#obtenerCanciones] content-length: 1059
[CancionesRemoteClient#obtenerCanciones] content-type: application/json
[CancionesRemoteClient#obtenerCanciones] date: Sun, 02 Nov 2025 22:55:48 GMT
[CancionesRemoteClient#obtenerCanciones] 
[CancionesRemoteClient#obtenerCanciones] [{"id":1,"titulo":"Lamento Boliviano","artista":"Enanitos Verdes","genero":"Rock","idioma":"Español","duracion":"4:20"},{"id":2,"titulo":"De Música Ligera","artista":"Soda Stereo","genero":"Rock","idioma":"Español","duracion":"3:30"},{"id":3,"titulo":"La Flaca","artista":"Jarabe de Palo","genero":"Rock","idioma":"Español","duracion":"4:00"},{"id":4,"titulo":"Hey Ya!","artista":"OutKast","genero":"Pop","idioma":"Inglés","duracion":"3:55"},{"id":5,"titulo":"Umbrella","artista":"Rihanna","genero":"Pop","idioma":"Inglés","duracion":"4:36"},{"id":6,"titulo":"Sunflower","artista":"Post Malone \u0026 Swae Lee","genero":"Pop","idioma":"Inglés","duracion":"2:38"},{"id":7,"titulo":"Moonlight Sonata","artista":"Ludwig van Beethoven","genero":"Clásica","idioma":"Instrumental","duracion":"14:59"},{"id":8,"titulo":"Fur Elise","artista":"Ludwig van Beethoven","genero":"Clásica","idioma":"Instrumental","duracion":"5:06"},{"id":9,"titulo":"Hungarian Rhapsody No2","artista":"Franz Liszt","genero":"Clásica","idioma":"Instrumental","duracion":"10:31"}]

[CancionesRemoteClient#obtenerCanciones] <--- END HTTP (1059-byte body)
[CancionesRemoteClient#obtenerCanciones] ---> GET http://localhost:8080/canciones HTTP/1.1
[CancionesRemoteClient#obtenerCanciones] Accept: aplication/json
[CancionesRemoteClient#obtenerCanciones] ---> END HTTP (0-byte body)
[CancionesRemoteClient#obtenerCanciones] <--- HTTP/1.1 200 OK (10ms)
[CancionesRemoteClient#obtenerCanciones] content-length: 1059
[CancionesRemoteClient#obtenerCanciones] content-type: application/json
[CancionesRemoteClient#obtenerCanciones] date: Sun, 02 Nov 2025 22:56:16 GMT
[CancionesRemoteClient#obtenerCanciones] 
[CancionesRemoteClient#obtenerCanciones] [{"id":1,"titulo":"Lamento Boliviano","artista":"Enanitos Verdes","genero":"Rock","idioma":"Español","duracion":"4:20"},{"id":2,"titulo":"De Música Ligera","artista":"Soda Stereo","genero":"Rock","idioma":"Español","duracion":"3:30"},{"id":3,"titulo":"La Flaca","artista":"Jarabe de Palo","genero":"Rock","idioma":"Español","duracion":"4:00"},{"id":4,"titulo":"Hey Ya!","artista":"OutKast","genero":"Pop","idioma":"Inglés","duracion":"3:55"},{"id":5,"titulo":"Umbrella","artista":"Rihanna","genero":"Pop","idioma":"Inglés","duracion":"4:36"},{"id":6,"titulo":"Sunflower","artista":"Post Malone \u0026 Swae Lee","genero":"Pop","idioma":"Inglés","duracion":"2:38"},{"id":7,"titulo":"Moonlight Sonata","artista":"Ludwig van Beethoven","genero":"Clásica","idioma":"Instrumental","duracion":"14:59"},{"id":8,"titulo":"Fur Elise","artista":"Ludwig van Beethoven","genero":"Clásica","idioma":"Instrumental","duracion":"5:06"},{"id":9,"titulo":"Hungarian Rhapsody No2","artista":"Franz Liszt","genero":"Clásica","idioma":"Instrumental","duracion":"10:31"}]

[CancionesRemoteClient#obtenerCanciones] <--- END HTTP (1059-byte body)
[CancionesRemoteClient#obtenerCanciones] ---> GET http://localhost:8080/canciones HTTP/1.1
[CancionesRemoteClient#obtenerCanciones] Accept: aplication/json
[CancionesRemoteClient#obtenerCanciones] ---> END HTTP (0-byte body)
[CancionesRemoteClient#obtenerCanciones] <--- HTTP/1.1 200 OK (10ms)
[CancionesRemoteClient#obtenerCanciones] content-length: 1059
[CancionesRemoteClient#obtenerCanciones] content-type: application/json
[CancionesRemoteClient#obtenerCanciones] date: Sun, 02 Nov 2025 22:56:58 GMT
[CancionesRemoteClient#obtenerCanciones] 
[CancionesRemoteClient#obtenerCanciones] [{"id":1,"titulo":"Lamento Boliviano","artista":"Enanitos Verdes","genero":"Rock","idioma":"Español","duracion":"4:20"},{"id":2,"titulo":"De Música Ligera","artista":"Soda Stereo","genero":"Rock","idioma":"Español","duracion":"3:30"},{"id":3,"titulo":"La Flaca","artista":"Jarabe de Palo","genero":"Rock","idioma":"Español","duracion":"4:00"},{"id":4,"titulo":"Hey Ya!","artista":"OutKast","genero":"Pop","idioma":"Inglés","duracion":"3:55"},{"id":5,"titulo":"Umbrella","artista":"Rihanna","genero":"Pop","idioma":"Inglés","duracion":"4:36"},{"id":6,"titulo":"Sunflower","artista":"Post Malone \u0026 Swae Lee","genero":"Pop","idioma":"Inglés","duracion":"2:38"},{"id":7,"titulo":"Moonlight Sonata","artista":"Ludwig van Beethoven","genero":"Clásica","idioma":"Instrumental","duracion":"14:59"},{"id":8,"titulo":"Fur Elise","artista":"Ludwig van Beethoven","genero":"Clásica","idioma":"Instrumental","duracion":"5:06"},{"id":9,"titulo":"Hungarian Rhapsody No2","artista":"Franz Liszt","genero":"Clásica","idioma":"Instrumental","duracion":"10:31"}]

[CancionesRemoteClient#obtenerCanciones] <--- END HTTP (1059-byte body)
[CancionesRemoteClient#obtenerCanciones] ---> GET http://localhost:8080/canciones HTTP/1.1
[CancionesRemoteClient#obtenerCanciones] Accept: aplication/json
[CancionesRemoteClient#obtenerCanciones] ---> END HTTP (0-byte body)
[CancionesRemoteClient#obtenerCanciones] <--- HTTP/1.1 200 OK (10ms)
[CancionesRemoteClient#obtenerCanciones] content-length: 1059
[CancionesRemoteClient#obtenerCanciones] content-type: application/json
[CancionesRemoteClient#obtenerCanciones] date: Sun, 02 Nov 2025 22:57:46 GMT
[CancionesRemoteClient#obtenerCanciones] 
[CancionesRemoteClient#obtenerCanciones] [{"id":1,"titulo":"Lamento Boliviano","artista":"Enanitos Verdes","genero":"Rock","idioma":"Español","duracion":"4:20"},{"id":2,"titulo":"De Música Ligera","artista":"Soda Stereo","genero":"Rock","idioma":"Español","duracion":"3:30"},{"id":3,"titulo":"La Flaca","artista":"Jarabe de Palo","genero":"Rock","idioma":"Español","duracion":"4:00"},{"id":4,"titulo":"Hey Ya!","artista":"OutKast","genero":"Pop","idioma":"Inglés","duracion":"3:55"},{"id":5,"titulo":"Umbrella","artista":"Rihanna","genero":"Pop","idioma":"Inglés","duracion":"4:36"},{"id":6,"titulo":"Sunflower","artista":"Post Malone \u0026 Swae Lee","genero":"Pop","idioma":"Inglés","duracion":"2:38"},{"id":7,"titulo":"Moonlight Sonata","artista":"Ludwig van Beethoven","genero":"Clásica","idioma":"Instrumental","duracion":"14:59"},{"id":8,"titulo":"Fur Elise","artista":"Ludwig van Beethoven","genero":"Clásica","idioma":"Instrumental","duracion":"5:06"},{"id":9,"titulo":"Hungarian Rhapsody No2","artista":"Franz Liszt","genero":"Clásica","idioma":"Instrumental","duracion":"10:31"}]

[CancionesRemoteClient#obtenerCanciones] <--- END HTTP (1059-byte body)
[CancionesRemoteClient#obtenerCanciones] ---> GET http://localhost:8080/canciones HTTP/1.1
[CancionesRemoteClient#obtenerCanciones] Accept: aplication/json
[CancionesRemoteClient#obtenerCanciones] ---> END HTTP (0-byte body)
[CancionesRemoteClient#obtenerCanciones] <--- HTTP/1.1 200 OK (2ms)
[CancionesRemoteClient#obtenerCanciones] content-length: 1059
[CancionesRemoteClient#obtenerCanciones] content-type: application/json
[CancionesRemoteClient#obtenerCanciones] date: Sun, 02 Nov 2025 23:00:49 GMT
[CancionesRemoteClient#obtenerCanciones] 
[CancionesRemoteClient#obtenerCanciones] [{"id":1,"titulo":"Lamento Boliviano","artista":"Enanitos Verdes","genero":"Rock","idioma":"Español","duracion":"4:20"},{"id":2,"titulo":"De Música Ligera","artista":"Soda Stereo","genero":"Rock","idioma":"Español","duracion":"3:30"},{"id":3,"titulo":"La Flaca","artista":"Jarabe de Palo","genero":"Rock","idioma":"Español","duracion":"4:00"},{"id":4,"titulo":"Hey Ya!","artista":"OutKast","genero":"Pop","idioma":"Inglés","duracion":"3:55"},{"id":5,"titulo":"Umbrella","artista":"Rihanna","genero":"Pop","idioma":"Inglés","duracion":"4:36"},{"id":6,"titulo":"Sunflower","artista":"Post Malone \u0026 Swae Lee","genero":"Pop","idioma":"Inglés","duracion":"2:38"},{"id":7,"titulo":"Moonlight Sonata","artista":"Ludwig van Beethoven","genero":"Clásica","idioma":"Instrumental","duracion":"14:59"},{"id":8,"titulo":"Fur Elise","artista":"Ludwig van Beethoven","genero":"Clásica","idioma":"Instrumental","duracion":"5:06"},{"id":9,"titulo":"Hungarian Rhapsody No2","artista":"Franz Liszt","genero":"Clásica","idioma":"Instrumental","duracion":"10:31"}]

[CancionesRemoteClient#obtenerCanciones] <--- END HTTP (1059-byte body)
